2020-09-02 16:08:06.181 [main] INFO  com.ostrovsky.api.ApiApplication - Starting ApiApplication on Ostrovsky-MBP.local with PID 18702 (/Users/ostrovsky/Workspace/workspace-docker/demo/boot-api/target/classes started by ostrovsky in /Users/ostrovsky/Workspace/workspace-docker/demo)
2020-09-02 16:08:06.183 [main] INFO  com.ostrovsky.api.ApiApplication - The following profiles are active: test
2020-09-02 16:08:07.123 [main] INFO  o.s.boot.web.embedded.tomcat.TomcatWebServer - Tomcat initialized with port(s): 8080 (http)
2020-09-02 16:08:07.132 [main] INFO  org.apache.coyote.http11.Http11NioProtocol - Initializing ProtocolHandler ["http-nio-8080"]
2020-09-02 16:08:07.132 [main] INFO  org.apache.catalina.core.StandardService - Starting service [Tomcat]
2020-09-02 16:08:07.133 [main] INFO  org.apache.catalina.core.StandardEngine - Starting Servlet engine: [Apache Tomcat/9.0.37]
2020-09-02 16:08:07.199 [main] INFO  o.a.c.core.ContainerBase.[Tomcat].[localhost].[/] - Initializing Spring embedded WebApplicationContext
2020-09-02 16:08:07.200 [main] INFO  o.s.b.w.s.c.ServletWebServerApplicationContext - Root WebApplicationContext: initialization completed in 978 ms
2020-09-02 16:08:07.405 [main] INFO  o.s.scheduling.concurrent.ThreadPoolTaskExecutor - Initializing ExecutorService 'applicationTaskExecutor'
2020-09-02 16:08:07.445 [main] INFO  o.s.scheduling.concurrent.ThreadPoolTaskExecutor - Shutting down ExecutorService 'applicationTaskExecutor'
2020-09-02 16:08:07.447 [main] INFO  org.apache.catalina.core.StandardService - Stopping service [Tomcat]
2020-09-02 16:08:07.463 [main] INFO  o.s.b.a.l.ConditionEvaluationReportLoggingListener - 

Error starting ApplicationContext. To display the conditions report re-run your application with 'debug' enabled.
2020-09-02 16:09:15.864 [main] INFO  com.ostrovsky.api.ApiApplication - Starting ApiApplication on Ostrovsky-MBP.local with PID 18713 (/Users/ostrovsky/Workspace/workspace-docker/demo/boot-api/target/classes started by ostrovsky in /Users/ostrovsky/Workspace/workspace-docker/demo)
2020-09-02 16:09:15.867 [main] INFO  com.ostrovsky.api.ApiApplication - The following profiles are active: test
2020-09-02 16:09:16.571 [main] INFO  o.s.boot.web.embedded.tomcat.TomcatWebServer - Tomcat initialized with port(s): 8080 (http)
2020-09-02 16:09:16.577 [main] INFO  org.apache.coyote.http11.Http11NioProtocol - Initializing ProtocolHandler ["http-nio-8080"]
2020-09-02 16:09:16.578 [main] INFO  org.apache.catalina.core.StandardService - Starting service [Tomcat]
2020-09-02 16:09:16.578 [main] INFO  org.apache.catalina.core.StandardEngine - Starting Servlet engine: [Apache Tomcat/9.0.37]
2020-09-02 16:09:16.630 [main] INFO  o.a.c.core.ContainerBase.[Tomcat].[localhost].[/] - Initializing Spring embedded WebApplicationContext
2020-09-02 16:09:16.631 [main] INFO  o.s.b.w.s.c.ServletWebServerApplicationContext - Root WebApplicationContext: initialization completed in 728 ms
2020-09-02 16:09:16.806 [main] INFO  o.s.scheduling.concurrent.ThreadPoolTaskExecutor - Initializing ExecutorService 'applicationTaskExecutor'
2020-09-02 16:09:16.904 [main] INFO  c.a.d.s.b.a.DruidDataSourceAutoConfigure - Init DruidDataSource
2020-09-02 16:09:16.948 [main] INFO  o.s.scheduling.concurrent.ThreadPoolTaskExecutor - Shutting down ExecutorService 'applicationTaskExecutor'
2020-09-02 16:09:16.950 [main] INFO  org.apache.catalina.core.StandardService - Stopping service [Tomcat]
2020-09-02 16:09:16.964 [main] INFO  o.s.b.a.l.ConditionEvaluationReportLoggingListener - 

Error starting ApplicationContext. To display the conditions report re-run your application with 'debug' enabled.
2020-09-02 16:11:11.184 [main] INFO  com.ostrovsky.api.ApiApplication - Starting ApiApplication on Ostrovsky-MBP.local with PID 18728 (/Users/ostrovsky/Workspace/workspace-docker/demo/boot-api/target/classes started by ostrovsky in /Users/ostrovsky/Workspace/workspace-docker/demo)
2020-09-02 16:11:11.187 [main] INFO  com.ostrovsky.api.ApiApplication - The following profiles are active: test
2020-09-02 16:11:11.922 [main] INFO  o.s.boot.web.embedded.tomcat.TomcatWebServer - Tomcat initialized with port(s): 8080 (http)
2020-09-02 16:11:11.928 [main] INFO  org.apache.coyote.http11.Http11NioProtocol - Initializing ProtocolHandler ["http-nio-8080"]
2020-09-02 16:11:11.929 [main] INFO  org.apache.catalina.core.StandardService - Starting service [Tomcat]
2020-09-02 16:11:11.929 [main] INFO  org.apache.catalina.core.StandardEngine - Starting Servlet engine: [Apache Tomcat/9.0.37]
2020-09-02 16:11:11.990 [main] INFO  o.a.c.core.ContainerBase.[Tomcat].[localhost].[/] - Initializing Spring embedded WebApplicationContext
2020-09-02 16:11:11.990 [main] INFO  o.s.b.w.s.c.ServletWebServerApplicationContext - Root WebApplicationContext: initialization completed in 755 ms
2020-09-02 16:11:12.159 [main] INFO  o.s.scheduling.concurrent.ThreadPoolTaskExecutor - Initializing ExecutorService 'applicationTaskExecutor'
2020-09-02 16:11:12.244 [main] INFO  c.a.d.s.b.a.DruidDataSourceAutoConfigure - Init DruidDataSource
2020-09-02 16:11:12.281 [main] INFO  o.s.scheduling.concurrent.ThreadPoolTaskExecutor - Shutting down ExecutorService 'applicationTaskExecutor'
2020-09-02 16:11:12.283 [main] INFO  org.apache.catalina.core.StandardService - Stopping service [Tomcat]
2020-09-02 16:11:12.295 [main] INFO  o.s.b.a.l.ConditionEvaluationReportLoggingListener - 

Error starting ApplicationContext. To display the conditions report re-run your application with 'debug' enabled.
2020-09-02 16:15:00.827 [main] INFO  com.ostrovsky.api.ApiApplication - Starting ApiApplication on Ostrovsky-MBP.local with PID 18757 (/Users/ostrovsky/Workspace/workspace-docker/demo/boot-api/target/classes started by ostrovsky in /Users/ostrovsky/Workspace/workspace-docker/demo)
2020-09-02 16:15:00.829 [main] INFO  com.ostrovsky.api.ApiApplication - The following profiles are active: test
2020-09-02 16:15:01.546 [main] INFO  o.s.boot.web.embedded.tomcat.TomcatWebServer - Tomcat initialized with port(s): 8080 (http)
2020-09-02 16:15:01.552 [main] INFO  org.apache.coyote.http11.Http11NioProtocol - Initializing ProtocolHandler ["http-nio-8080"]
2020-09-02 16:15:01.553 [main] INFO  org.apache.catalina.core.StandardService - Starting service [Tomcat]
2020-09-02 16:15:01.553 [main] INFO  org.apache.catalina.core.StandardEngine - Starting Servlet engine: [Apache Tomcat/9.0.37]
2020-09-02 16:15:01.611 [main] INFO  o.a.c.core.ContainerBase.[Tomcat].[localhost].[/] - Initializing Spring embedded WebApplicationContext
2020-09-02 16:15:01.611 [main] INFO  o.s.b.w.s.c.ServletWebServerApplicationContext - Root WebApplicationContext: initialization completed in 736 ms
2020-09-02 16:15:01.785 [main] INFO  o.s.scheduling.concurrent.ThreadPoolTaskExecutor - Initializing ExecutorService 'applicationTaskExecutor'
2020-09-02 16:15:01.883 [main] INFO  c.a.d.s.b.a.DruidDataSourceAutoConfigure - Init DruidDataSource
2020-09-02 16:15:01.919 [main] INFO  o.s.scheduling.concurrent.ThreadPoolTaskExecutor - Shutting down ExecutorService 'applicationTaskExecutor'
2020-09-02 16:15:01.921 [main] INFO  org.apache.catalina.core.StandardService - Stopping service [Tomcat]
2020-09-02 16:15:01.932 [main] INFO  o.s.b.a.l.ConditionEvaluationReportLoggingListener - 

Error starting ApplicationContext. To display the conditions report re-run your application with 'debug' enabled.
2020-09-02 16:16:35.794 [main] INFO  com.ostrovsky.api.ApiApplication - Starting ApiApplication on Ostrovsky-MBP.local with PID 18770 (/Users/ostrovsky/Workspace/workspace-docker/demo/boot-api/target/classes started by ostrovsky in /Users/ostrovsky/Workspace/workspace-docker/demo)
2020-09-02 16:16:35.797 [main] INFO  com.ostrovsky.api.ApiApplication - The following profiles are active: test
2020-09-02 16:16:36.519 [main] INFO  o.s.boot.web.embedded.tomcat.TomcatWebServer - Tomcat initialized with port(s): 8080 (http)
2020-09-02 16:16:36.526 [main] INFO  org.apache.coyote.http11.Http11NioProtocol - Initializing ProtocolHandler ["http-nio-8080"]
2020-09-02 16:16:36.526 [main] INFO  org.apache.catalina.core.StandardService - Starting service [Tomcat]
2020-09-02 16:16:36.526 [main] INFO  org.apache.catalina.core.StandardEngine - Starting Servlet engine: [Apache Tomcat/9.0.37]
2020-09-02 16:16:36.585 [main] INFO  o.a.c.core.ContainerBase.[Tomcat].[localhost].[/] - Initializing Spring embedded WebApplicationContext
2020-09-02 16:16:36.585 [main] INFO  o.s.b.w.s.c.ServletWebServerApplicationContext - Root WebApplicationContext: initialization completed in 741 ms
2020-09-02 16:16:36.753 [main] INFO  o.s.scheduling.concurrent.ThreadPoolTaskExecutor - Initializing ExecutorService 'applicationTaskExecutor'
2020-09-02 16:16:36.841 [main] INFO  c.a.d.s.b.a.DruidDataSourceAutoConfigure - Init DruidDataSource
2020-09-02 16:16:36.879 [main] INFO  o.s.scheduling.concurrent.ThreadPoolTaskExecutor - Shutting down ExecutorService 'applicationTaskExecutor'
2020-09-02 16:16:36.881 [main] INFO  org.apache.catalina.core.StandardService - Stopping service [Tomcat]
2020-09-02 16:16:36.893 [main] INFO  o.s.b.a.l.ConditionEvaluationReportLoggingListener - 

Error starting ApplicationContext. To display the conditions report re-run your application with 'debug' enabled.
2020-09-02 16:16:57.279 [main] INFO  com.ostrovsky.api.ApiApplication - Starting ApiApplication on Ostrovsky-MBP.local with PID 18779 (/Users/ostrovsky/Workspace/workspace-docker/demo/boot-api/target/classes started by ostrovsky in /Users/ostrovsky/Workspace/workspace-docker/demo)
2020-09-02 16:16:57.281 [main] INFO  com.ostrovsky.api.ApiApplication - The following profiles are active: test
2020-09-02 16:16:58.087 [main] INFO  o.s.boot.web.embedded.tomcat.TomcatWebServer - Tomcat initialized with port(s): 8080 (http)
2020-09-02 16:16:58.095 [main] INFO  org.apache.coyote.http11.Http11NioProtocol - Initializing ProtocolHandler ["http-nio-8080"]
2020-09-02 16:16:58.095 [main] INFO  org.apache.catalina.core.StandardService - Starting service [Tomcat]
2020-09-02 16:16:58.095 [main] INFO  org.apache.catalina.core.StandardEngine - Starting Servlet engine: [Apache Tomcat/9.0.37]
2020-09-02 16:16:58.157 [main] INFO  o.a.c.core.ContainerBase.[Tomcat].[localhost].[/] - Initializing Spring embedded WebApplicationContext
2020-09-02 16:16:58.158 [main] INFO  o.s.b.w.s.c.ServletWebServerApplicationContext - Root WebApplicationContext: initialization completed in 826 ms
2020-09-02 16:16:58.342 [main] INFO  o.s.scheduling.concurrent.ThreadPoolTaskExecutor - Initializing ExecutorService 'applicationTaskExecutor'
2020-09-02 16:16:58.423 [main] INFO  c.a.d.s.b.a.DruidDataSourceAutoConfigure - Init DruidDataSource
2020-09-02 16:16:58.460 [main] INFO  o.s.scheduling.concurrent.ThreadPoolTaskExecutor - Shutting down ExecutorService 'applicationTaskExecutor'
2020-09-02 16:16:58.462 [main] INFO  org.apache.catalina.core.StandardService - Stopping service [Tomcat]
2020-09-02 16:16:58.474 [main] INFO  o.s.b.a.l.ConditionEvaluationReportLoggingListener - 

Error starting ApplicationContext. To display the conditions report re-run your application with 'debug' enabled.
2020-09-02 16:24:40.539 [main] INFO  com.ostrovsky.api.ApiApplication - Starting ApiApplication on Ostrovsky-MBP.local with PID 18811 (/Users/ostrovsky/Workspace/workspace-docker/demo/boot-api/target/classes started by ostrovsky in /Users/ostrovsky/Workspace/workspace-docker/demo)
2020-09-02 16:24:40.543 [main] INFO  com.ostrovsky.api.ApiApplication - The following profiles are active: test
2020-09-02 16:24:41.238 [main] INFO  o.s.boot.web.embedded.tomcat.TomcatWebServer - Tomcat initialized with port(s): 8080 (http)
2020-09-02 16:24:41.245 [main] INFO  org.apache.coyote.http11.Http11NioProtocol - Initializing ProtocolHandler ["http-nio-8080"]
2020-09-02 16:24:41.246 [main] INFO  org.apache.catalina.core.StandardService - Starting service [Tomcat]
2020-09-02 16:24:41.246 [main] INFO  org.apache.catalina.core.StandardEngine - Starting Servlet engine: [Apache Tomcat/9.0.37]
2020-09-02 16:24:41.300 [main] INFO  o.a.c.core.ContainerBase.[Tomcat].[localhost].[/] - Initializing Spring embedded WebApplicationContext
2020-09-02 16:24:41.300 [main] INFO  o.s.b.w.s.c.ServletWebServerApplicationContext - Root WebApplicationContext: initialization completed in 719 ms
2020-09-02 16:24:41.469 [main] INFO  o.s.scheduling.concurrent.ThreadPoolTaskExecutor - Initializing ExecutorService 'applicationTaskExecutor'
2020-09-02 16:24:41.546 [main] INFO  o.s.scheduling.concurrent.ThreadPoolTaskExecutor - Shutting down ExecutorService 'applicationTaskExecutor'
2020-09-02 16:24:41.548 [main] INFO  org.apache.catalina.core.StandardService - Stopping service [Tomcat]
2020-09-02 16:24:41.556 [main] INFO  o.s.b.a.l.ConditionEvaluationReportLoggingListener - 

Error starting ApplicationContext. To display the conditions report re-run your application with 'debug' enabled.
2020-09-02 16:28:36.865 [main] INFO  com.ostrovsky.api.ApiApplication - Starting ApiApplication on Ostrovsky-MBP.local with PID 18828 (/Users/ostrovsky/Workspace/workspace-docker/demo/boot-api/target/classes started by ostrovsky in /Users/ostrovsky/Workspace/workspace-docker/demo)
2020-09-02 16:28:36.867 [main] INFO  com.ostrovsky.api.ApiApplication - The following profiles are active: test
2020-09-02 16:28:37.544 [main] INFO  o.s.boot.web.embedded.tomcat.TomcatWebServer - Tomcat initialized with port(s): 8080 (http)
2020-09-02 16:28:37.550 [main] INFO  org.apache.coyote.http11.Http11NioProtocol - Initializing ProtocolHandler ["http-nio-8080"]
2020-09-02 16:28:37.551 [main] INFO  org.apache.catalina.core.StandardService - Starting service [Tomcat]
2020-09-02 16:28:37.551 [main] INFO  org.apache.catalina.core.StandardEngine - Starting Servlet engine: [Apache Tomcat/9.0.37]
2020-09-02 16:28:37.602 [main] INFO  o.a.c.core.ContainerBase.[Tomcat].[localhost].[/] - Initializing Spring embedded WebApplicationContext
2020-09-02 16:28:37.602 [main] INFO  o.s.b.w.s.c.ServletWebServerApplicationContext - Root WebApplicationContext: initialization completed in 703 ms
2020-09-02 16:28:37.767 [main] INFO  o.s.scheduling.concurrent.ThreadPoolTaskExecutor - Initializing ExecutorService 'applicationTaskExecutor'
2020-09-02 16:28:37.844 [main] INFO  o.s.scheduling.concurrent.ThreadPoolTaskExecutor - Shutting down ExecutorService 'applicationTaskExecutor'
2020-09-02 16:28:37.846 [main] INFO  org.apache.catalina.core.StandardService - Stopping service [Tomcat]
2020-09-02 16:28:37.854 [main] INFO  o.s.b.a.l.ConditionEvaluationReportLoggingListener - 

Error starting ApplicationContext. To display the conditions report re-run your application with 'debug' enabled.
2020-09-02 16:34:50.471 [main] INFO  com.ostrovsky.api.ApiApplication - Starting ApiApplication on Ostrovsky-MBP.local with PID 18873 (/Users/ostrovsky/Workspace/workspace-docker/demo/boot-api/target/classes started by ostrovsky in /Users/ostrovsky/Workspace/workspace-docker/demo)
2020-09-02 16:34:50.474 [main] INFO  com.ostrovsky.api.ApiApplication - The following profiles are active: test
2020-09-02 16:34:51.161 [main] INFO  o.s.boot.web.embedded.tomcat.TomcatWebServer - Tomcat initialized with port(s): 8080 (http)
2020-09-02 16:34:51.167 [main] INFO  org.apache.coyote.http11.Http11NioProtocol - Initializing ProtocolHandler ["http-nio-8080"]
2020-09-02 16:34:51.168 [main] INFO  org.apache.catalina.core.StandardService - Starting service [Tomcat]
2020-09-02 16:34:51.168 [main] INFO  org.apache.catalina.core.StandardEngine - Starting Servlet engine: [Apache Tomcat/9.0.37]
2020-09-02 16:34:51.221 [main] INFO  o.a.c.core.ContainerBase.[Tomcat].[localhost].[/] - Initializing Spring embedded WebApplicationContext
2020-09-02 16:34:51.221 [main] INFO  o.s.b.w.s.c.ServletWebServerApplicationContext - Root WebApplicationContext: initialization completed in 714 ms
2020-09-02 16:34:51.393 [main] INFO  o.s.scheduling.concurrent.ThreadPoolTaskExecutor - Initializing ExecutorService 'applicationTaskExecutor'
2020-09-02 16:34:51.472 [main] INFO  o.s.scheduling.concurrent.ThreadPoolTaskExecutor - Shutting down ExecutorService 'applicationTaskExecutor'
2020-09-02 16:34:51.474 [main] INFO  org.apache.catalina.core.StandardService - Stopping service [Tomcat]
2020-09-02 16:34:51.482 [main] INFO  o.s.b.a.l.ConditionEvaluationReportLoggingListener - 

Error starting ApplicationContext. To display the conditions report re-run your application with 'debug' enabled.
2020-09-02 16:36:07.925 [main] INFO  com.ostrovsky.api.ApiApplication - Starting ApiApplication on Ostrovsky-MBP.local with PID 18897 (/Users/ostrovsky/Workspace/workspace-docker/demo/boot-api/target/classes started by ostrovsky in /Users/ostrovsky/Workspace/workspace-docker/demo)
2020-09-02 16:36:07.927 [main] INFO  com.ostrovsky.api.ApiApplication - The following profiles are active: test
2020-09-02 16:36:08.531 [main] INFO  o.s.boot.web.embedded.tomcat.TomcatWebServer - Tomcat initialized with port(s): 8080 (http)
2020-09-02 16:36:08.539 [main] INFO  org.apache.coyote.http11.Http11NioProtocol - Initializing ProtocolHandler ["http-nio-8080"]
2020-09-02 16:36:08.540 [main] INFO  org.apache.catalina.core.StandardService - Starting service [Tomcat]
2020-09-02 16:36:08.540 [main] INFO  org.apache.catalina.core.StandardEngine - Starting Servlet engine: [Apache Tomcat/9.0.37]
2020-09-02 16:36:08.593 [main] INFO  o.a.c.core.ContainerBase.[Tomcat].[localhost].[/] - Initializing Spring embedded WebApplicationContext
2020-09-02 16:36:08.594 [main] INFO  o.s.b.w.s.c.ServletWebServerApplicationContext - Root WebApplicationContext: initialization completed in 629 ms
2020-09-02 16:36:08.752 [main] INFO  o.s.scheduling.concurrent.ThreadPoolTaskExecutor - Initializing ExecutorService 'applicationTaskExecutor'
2020-09-02 16:36:08.863 [main] INFO  org.apache.coyote.http11.Http11NioProtocol - Starting ProtocolHandler ["http-nio-8080"]
2020-09-02 16:36:08.891 [main] INFO  o.s.boot.web.embedded.tomcat.TomcatWebServer - Tomcat started on port(s): 8080 (http) with context path ''
2020-09-02 16:36:08.899 [main] INFO  com.ostrovsky.api.ApiApplication - Started ApiApplication in 1.437 seconds (JVM running for 1.981)
2020-09-02 16:36:08.903 [main] INFO  com.ostrovsky.api.ApiApplication - >>>>>>>>>>>>>>>>>>>>>>>>项目启动成功！
>>>>>>>>>>>>>>>>>>>>>>>>传入参数：null
2020-09-02 16:37:40.073 [http-nio-8080-exec-1] INFO  o.a.c.core.ContainerBase.[Tomcat].[localhost].[/] - Initializing Spring DispatcherServlet 'dispatcherServlet'
2020-09-02 16:37:40.073 [http-nio-8080-exec-1] INFO  org.springframework.web.servlet.DispatcherServlet - Initializing Servlet 'dispatcherServlet'
2020-09-02 16:37:40.078 [http-nio-8080-exec-1] INFO  org.springframework.web.servlet.DispatcherServlet - Completed initialization in 5 ms
2020-09-02 16:52:52.682 [main] INFO  com.ostrovsky.api.ApiApplication - Starting ApiApplication on Ostrovsky-MBP.local with PID 18972 (/Users/ostrovsky/Workspace/workspace-docker/demo/boot-api/target/classes started by ostrovsky in /Users/ostrovsky/Workspace/workspace-docker/demo)
2020-09-02 16:52:52.684 [main] INFO  com.ostrovsky.api.ApiApplication - The following profiles are active: test
2020-09-02 16:52:53.264 [main] INFO  o.s.boot.web.embedded.tomcat.TomcatWebServer - Tomcat initialized with port(s): 8080 (http)
2020-09-02 16:52:53.271 [main] INFO  org.apache.coyote.http11.Http11NioProtocol - Initializing ProtocolHandler ["http-nio-8080"]
2020-09-02 16:52:53.272 [main] INFO  org.apache.catalina.core.StandardService - Starting service [Tomcat]
2020-09-02 16:52:53.272 [main] INFO  org.apache.catalina.core.StandardEngine - Starting Servlet engine: [Apache Tomcat/9.0.37]
2020-09-02 16:52:53.324 [main] INFO  o.a.c.core.ContainerBase.[Tomcat].[localhost].[/] - Initializing Spring embedded WebApplicationContext
2020-09-02 16:52:53.324 [main] INFO  o.s.b.w.s.c.ServletWebServerApplicationContext - Root WebApplicationContext: initialization completed in 605 ms
2020-09-02 16:52:53.480 [main] INFO  o.s.scheduling.concurrent.ThreadPoolTaskExecutor - Initializing ExecutorService 'applicationTaskExecutor'
2020-09-02 16:52:53.590 [main] INFO  org.apache.coyote.http11.Http11NioProtocol - Starting ProtocolHandler ["http-nio-8080"]
2020-09-02 16:52:53.615 [main] INFO  o.s.boot.web.embedded.tomcat.TomcatWebServer - Tomcat started on port(s): 8080 (http) with context path ''
2020-09-02 16:52:53.623 [main] INFO  com.ostrovsky.api.ApiApplication - Started ApiApplication in 1.305 seconds (JVM running for 1.795)
2020-09-02 16:52:53.627 [main] INFO  com.ostrovsky.api.ApiApplication - >>>>>>>>>>>>>>>>>>>>>>>>项目启动成功！
>>>>>>>>>>>>>>>>>>>>>>>>传入参数：null
2020-09-02 16:53:00.949 [http-nio-8080-exec-1] INFO  o.a.c.core.ContainerBase.[Tomcat].[localhost].[/] - Initializing Spring DispatcherServlet 'dispatcherServlet'
2020-09-02 16:53:00.949 [http-nio-8080-exec-1] INFO  org.springframework.web.servlet.DispatcherServlet - Initializing Servlet 'dispatcherServlet'
2020-09-02 16:53:00.953 [http-nio-8080-exec-1] INFO  org.springframework.web.servlet.DispatcherServlet - Completed initialization in 4 ms
2020-09-02 17:05:32.859 [main] INFO  com.ostrovsky.api.ApiApplication - Starting ApiApplication on Ostrovsky-MBP.local with PID 19020 (/Users/ostrovsky/Workspace/workspace-docker/demo/boot-api/target/classes started by ostrovsky in /Users/ostrovsky/Workspace/workspace-docker/demo)
2020-09-02 17:05:32.863 [main] INFO  com.ostrovsky.api.ApiApplication - The following profiles are active: test
2020-09-02 17:05:33.455 [main] INFO  o.s.boot.web.embedded.tomcat.TomcatWebServer - Tomcat initialized with port(s): 8080 (http)
2020-09-02 17:05:33.464 [main] INFO  org.apache.coyote.http11.Http11NioProtocol - Initializing ProtocolHandler ["http-nio-8080"]
2020-09-02 17:05:33.464 [main] INFO  org.apache.catalina.core.StandardService - Starting service [Tomcat]
2020-09-02 17:05:33.464 [main] INFO  org.apache.catalina.core.StandardEngine - Starting Servlet engine: [Apache Tomcat/9.0.37]
2020-09-02 17:05:33.517 [main] INFO  o.a.c.core.ContainerBase.[Tomcat].[localhost].[/] - Initializing Spring embedded WebApplicationContext
2020-09-02 17:05:33.517 [main] INFO  o.s.b.w.s.c.ServletWebServerApplicationContext - Root WebApplicationContext: initialization completed in 619 ms
2020-09-02 17:05:33.673 [main] INFO  o.s.scheduling.concurrent.ThreadPoolTaskExecutor - Initializing ExecutorService 'applicationTaskExecutor'
2020-09-02 17:05:33.783 [main] INFO  org.apache.coyote.http11.Http11NioProtocol - Starting ProtocolHandler ["http-nio-8080"]
2020-09-02 17:05:33.807 [main] INFO  o.s.boot.web.embedded.tomcat.TomcatWebServer - Tomcat started on port(s): 8080 (http) with context path ''
2020-09-02 17:05:33.815 [main] INFO  com.ostrovsky.api.ApiApplication - Started ApiApplication in 1.321 seconds (JVM running for 1.792)
2020-09-02 17:05:33.818 [main] INFO  com.ostrovsky.api.ApiApplication - >>>>>>>>>>>>>>>>>>>>>>>>项目启动成功！
>>>>>>>>>>>>>>>>>>>>>>>>传入参数：null
2020-09-02 17:06:18.035 [http-nio-8080-exec-1] INFO  o.a.c.core.ContainerBase.[Tomcat].[localhost].[/] - Initializing Spring DispatcherServlet 'dispatcherServlet'
2020-09-02 17:06:18.036 [http-nio-8080-exec-1] INFO  org.springframework.web.servlet.DispatcherServlet - Initializing Servlet 'dispatcherServlet'
2020-09-02 17:06:18.040 [http-nio-8080-exec-1] INFO  org.springframework.web.servlet.DispatcherServlet - Completed initialization in 4 ms
2020-09-02 17:11:23.024 [main] INFO  com.ostrovsky.api.ApiApplication - Starting ApiApplication on Ostrovsky-MBP.local with PID 19073 (/Users/ostrovsky/Workspace/workspace-docker/demo/boot-api/target/classes started by ostrovsky in /Users/ostrovsky/Workspace/workspace-docker/demo)
2020-09-02 17:11:23.027 [main] INFO  com.ostrovsky.api.ApiApplication - The following profiles are active: test
2020-09-02 17:11:23.646 [main] INFO  o.s.boot.web.embedded.tomcat.TomcatWebServer - Tomcat initialized with port(s): 8080 (http)
2020-09-02 17:11:23.654 [main] INFO  org.apache.coyote.http11.Http11NioProtocol - Initializing ProtocolHandler ["http-nio-8080"]
2020-09-02 17:11:23.654 [main] INFO  org.apache.catalina.core.StandardService - Starting service [Tomcat]
2020-09-02 17:11:23.654 [main] INFO  org.apache.catalina.core.StandardEngine - Starting Servlet engine: [Apache Tomcat/9.0.37]
2020-09-02 17:11:23.710 [main] INFO  o.a.c.core.ContainerBase.[Tomcat].[localhost].[/] - Initializing Spring embedded WebApplicationContext
2020-09-02 17:11:23.711 [main] INFO  o.s.b.w.s.c.ServletWebServerApplicationContext - Root WebApplicationContext: initialization completed in 648 ms
2020-09-02 17:11:23.866 [main] INFO  o.s.scheduling.concurrent.ThreadPoolTaskExecutor - Initializing ExecutorService 'applicationTaskExecutor'
2020-09-02 17:11:23.970 [main] INFO  org.apache.coyote.http11.Http11NioProtocol - Starting ProtocolHandler ["http-nio-8080"]
2020-09-02 17:11:23.995 [main] INFO  o.s.boot.web.embedded.tomcat.TomcatWebServer - Tomcat started on port(s): 8080 (http) with context path ''
2020-09-02 17:11:24.002 [main] INFO  com.ostrovsky.api.ApiApplication - Started ApiApplication in 1.372 seconds (JVM running for 1.852)
2020-09-02 17:11:24.006 [main] INFO  com.ostrovsky.api.ApiApplication - >>>>>>>>>>>>>>>>>>>>>>>>项目启动成功！
>>>>>>>>>>>>>>>>>>>>>>>>传入参数：null
2020-09-02 17:11:27.189 [http-nio-8080-exec-1] INFO  o.a.c.core.ContainerBase.[Tomcat].[localhost].[/] - Initializing Spring DispatcherServlet 'dispatcherServlet'
2020-09-02 17:11:27.189 [http-nio-8080-exec-1] INFO  org.springframework.web.servlet.DispatcherServlet - Initializing Servlet 'dispatcherServlet'
2020-09-02 17:11:27.192 [http-nio-8080-exec-1] INFO  org.springframework.web.servlet.DispatcherServlet - Completed initialization in 3 ms
2020-09-02 17:18:34.720 [main] INFO  com.ostrovsky.api.ApiApplication - Starting ApiApplication on Ostrovsky-MBP.local with PID 19110 (/Users/ostrovsky/Workspace/workspace-docker/demo/boot-api/target/classes started by ostrovsky in /Users/ostrovsky/Workspace/workspace-docker/demo)
2020-09-02 17:18:34.723 [main] INFO  com.ostrovsky.api.ApiApplication - The following profiles are active: test
2020-09-02 17:18:35.365 [main] INFO  o.s.boot.web.embedded.tomcat.TomcatWebServer - Tomcat initialized with port(s): 8080 (http)
2020-09-02 17:18:35.372 [main] INFO  org.apache.coyote.http11.Http11NioProtocol - Initializing ProtocolHandler ["http-nio-8080"]
2020-09-02 17:18:35.373 [main] INFO  org.apache.catalina.core.StandardService - Starting service [Tomcat]
2020-09-02 17:18:35.373 [main] INFO  org.apache.catalina.core.StandardEngine - Starting Servlet engine: [Apache Tomcat/9.0.37]
2020-09-02 17:18:35.431 [main] INFO  o.a.c.core.ContainerBase.[Tomcat].[localhost].[/] - Initializing Spring embedded WebApplicationContext
2020-09-02 17:18:35.432 [main] INFO  o.s.b.w.s.c.ServletWebServerApplicationContext - Root WebApplicationContext: initialization completed in 661 ms
2020-09-02 17:18:35.619 [main] INFO  o.s.scheduling.concurrent.ThreadPoolTaskExecutor - Initializing ExecutorService 'applicationTaskExecutor'
2020-09-02 17:18:35.749 [main] INFO  org.apache.coyote.http11.Http11NioProtocol - Starting ProtocolHandler ["http-nio-8080"]
2020-09-02 17:18:35.775 [main] INFO  o.s.boot.web.embedded.tomcat.TomcatWebServer - Tomcat started on port(s): 8080 (http) with context path ''
2020-09-02 17:18:35.784 [main] INFO  com.ostrovsky.api.ApiApplication - Started ApiApplication in 1.656 seconds (JVM running for 2.164)
2020-09-02 17:18:35.788 [main] INFO  com.ostrovsky.api.ApiApplication - >>>>>>>>>>>>>>>>>>>>>>>>项目启动成功！
>>>>>>>>>>>>>>>>>>>>>>>>传入参数：null
2020-09-02 17:18:41.770 [http-nio-8080-exec-1] INFO  o.a.c.core.ContainerBase.[Tomcat].[localhost].[/] - Initializing Spring DispatcherServlet 'dispatcherServlet'
2020-09-02 17:18:41.771 [http-nio-8080-exec-1] INFO  org.springframework.web.servlet.DispatcherServlet - Initializing Servlet 'dispatcherServlet'
2020-09-02 17:18:41.774 [http-nio-8080-exec-1] INFO  org.springframework.web.servlet.DispatcherServlet - Completed initialization in 3 ms
2020-09-02 17:26:44.876 [main] INFO  com.ostrovsky.api.ApiApplication - Starting ApiApplication on Ostrovsky-MBP.local with PID 19154 (/Users/ostrovsky/Workspace/workspace-docker/demo/boot-api/target/classes started by ostrovsky in /Users/ostrovsky/Workspace/workspace-docker/demo)
2020-09-02 17:26:44.878 [main] INFO  com.ostrovsky.api.ApiApplication - The following profiles are active: test
2020-09-02 17:26:45.467 [main] INFO  o.s.boot.web.embedded.tomcat.TomcatWebServer - Tomcat initialized with port(s): 8080 (http)
2020-09-02 17:26:45.474 [main] INFO  org.apache.coyote.http11.Http11NioProtocol - Initializing ProtocolHandler ["http-nio-8080"]
2020-09-02 17:26:45.475 [main] INFO  org.apache.catalina.core.StandardService - Starting service [Tomcat]
2020-09-02 17:26:45.475 [main] INFO  org.apache.catalina.core.StandardEngine - Starting Servlet engine: [Apache Tomcat/9.0.37]
2020-09-02 17:26:45.527 [main] INFO  o.a.c.core.ContainerBase.[Tomcat].[localhost].[/] - Initializing Spring embedded WebApplicationContext
2020-09-02 17:26:45.527 [main] INFO  o.s.b.w.s.c.ServletWebServerApplicationContext - Root WebApplicationContext: initialization completed in 613 ms
2020-09-02 17:26:45.690 [main] INFO  o.s.scheduling.concurrent.ThreadPoolTaskExecutor - Initializing ExecutorService 'applicationTaskExecutor'
2020-09-02 17:26:45.789 [main] INFO  org.apache.coyote.http11.Http11NioProtocol - Starting ProtocolHandler ["http-nio-8080"]
2020-09-02 17:26:45.814 [main] INFO  o.s.boot.web.embedded.tomcat.TomcatWebServer - Tomcat started on port(s): 8080 (http) with context path ''
2020-09-02 17:26:45.822 [main] INFO  com.ostrovsky.api.ApiApplication - Started ApiApplication in 1.311 seconds (JVM running for 1.779)
2020-09-02 17:26:45.825 [main] INFO  com.ostrovsky.api.ApiApplication - >>>>>>>>>>>>>>>>>>>>>>>>项目启动成功！
>>>>>>>>>>>>>>>>>>>>>>>>传入参数：null
2020-09-02 17:27:26.035 [http-nio-8080-exec-1] INFO  o.a.c.core.ContainerBase.[Tomcat].[localhost].[/] - Initializing Spring DispatcherServlet 'dispatcherServlet'
2020-09-02 17:27:26.036 [http-nio-8080-exec-1] INFO  org.springframework.web.servlet.DispatcherServlet - Initializing Servlet 'dispatcherServlet'
2020-09-02 17:27:26.039 [http-nio-8080-exec-1] INFO  org.springframework.web.servlet.DispatcherServlet - Completed initialization in 3 ms
2020-09-02 17:55:34.942 [main] INFO  com.ostrovsky.api.ApiApplication - Starting ApiApplication on Ostrovsky-MBP.local with PID 19299 (/Users/ostrovsky/Workspace/workspace-docker/demo/boot-api/target/classes started by ostrovsky in /Users/ostrovsky/Workspace/workspace-docker/demo)
2020-09-02 17:55:34.945 [main] INFO  com.ostrovsky.api.ApiApplication - The following profiles are active: test
2020-09-02 17:55:35.528 [main] INFO  o.s.boot.web.embedded.tomcat.TomcatWebServer - Tomcat initialized with port(s): 8080 (http)
2020-09-02 17:55:35.535 [main] INFO  org.apache.coyote.http11.Http11NioProtocol - Initializing ProtocolHandler ["http-nio-8080"]
2020-09-02 17:55:35.536 [main] INFO  org.apache.catalina.core.StandardService - Starting service [Tomcat]
2020-09-02 17:55:35.536 [main] INFO  org.apache.catalina.core.StandardEngine - Starting Servlet engine: [Apache Tomcat/9.0.37]
2020-09-02 17:55:35.592 [main] INFO  o.a.c.core.ContainerBase.[Tomcat].[localhost].[/] - Initializing Spring embedded WebApplicationContext
2020-09-02 17:55:35.592 [main] INFO  o.s.b.w.s.c.ServletWebServerApplicationContext - Root WebApplicationContext: initialization completed in 611 ms
2020-09-02 17:55:35.752 [main] INFO  o.s.scheduling.concurrent.ThreadPoolTaskExecutor - Initializing ExecutorService 'applicationTaskExecutor'
2020-09-02 17:55:35.861 [main] INFO  org.apache.coyote.http11.Http11NioProtocol - Starting ProtocolHandler ["http-nio-8080"]
2020-09-02 17:55:35.886 [main] INFO  o.s.boot.web.embedded.tomcat.TomcatWebServer - Tomcat started on port(s): 8080 (http) with context path ''
2020-09-02 17:55:35.894 [main] INFO  com.ostrovsky.api.ApiApplication - Started ApiApplication in 1.333 seconds (JVM running for 1.805)
2020-09-02 17:55:35.898 [main] INFO  com.ostrovsky.api.ApiApplication - >>>>>>>>>>>>>>>>>>>>>>>>项目启动成功！
>>>>>>>>>>>>>>>>>>>>>>>>传入参数：null
2020-09-02 17:56:06.974 [http-nio-8080-exec-1] INFO  o.a.c.core.ContainerBase.[Tomcat].[localhost].[/] - Initializing Spring DispatcherServlet 'dispatcherServlet'
2020-09-02 17:56:06.974 [http-nio-8080-exec-1] INFO  org.springframework.web.servlet.DispatcherServlet - Initializing Servlet 'dispatcherServlet'
2020-09-02 17:56:06.978 [http-nio-8080-exec-1] INFO  org.springframework.web.servlet.DispatcherServlet - Completed initialization in 4 ms
2020-09-02 18:04:25.951 [main] INFO  com.ostrovsky.api.ApiApplication - Starting ApiApplication on Ostrovsky-MBP.local with PID 19382 (/Users/ostrovsky/Workspace/workspace-docker/demo/boot-api/target/classes started by ostrovsky in /Users/ostrovsky/Workspace/workspace-docker/demo)
2020-09-02 18:04:25.954 [main] INFO  com.ostrovsky.api.ApiApplication - The following profiles are active: test
2020-09-02 18:04:26.540 [main] INFO  o.s.boot.web.embedded.tomcat.TomcatWebServer - Tomcat initialized with port(s): 8080 (http)
2020-09-02 18:04:26.546 [main] INFO  org.apache.coyote.http11.Http11NioProtocol - Initializing ProtocolHandler ["http-nio-8080"]
2020-09-02 18:04:26.547 [main] INFO  org.apache.catalina.core.StandardService - Starting service [Tomcat]
2020-09-02 18:04:26.547 [main] INFO  org.apache.catalina.core.StandardEngine - Starting Servlet engine: [Apache Tomcat/9.0.37]
2020-09-02 18:04:26.599 [main] INFO  o.a.c.core.ContainerBase.[Tomcat].[localhost].[/] - Initializing Spring embedded WebApplicationContext
2020-09-02 18:04:26.599 [main] INFO  o.s.b.w.s.c.ServletWebServerApplicationContext - Root WebApplicationContext: initialization completed in 611 ms
2020-09-02 18:04:26.774 [main] INFO  o.s.scheduling.concurrent.ThreadPoolTaskExecutor - Initializing ExecutorService 'applicationTaskExecutor'
2020-09-02 18:04:26.878 [main] INFO  org.apache.coyote.http11.Http11NioProtocol - Starting ProtocolHandler ["http-nio-8080"]
2020-09-02 18:04:26.903 [main] INFO  o.s.boot.web.embedded.tomcat.TomcatWebServer - Tomcat started on port(s): 8080 (http) with context path ''
2020-09-02 18:04:26.912 [main] INFO  com.ostrovsky.api.ApiApplication - Started ApiApplication in 1.317 seconds (JVM running for 1.765)
2020-09-02 18:04:26.916 [main] INFO  com.ostrovsky.api.ApiApplication - >>>>>>>>>>>>>>>>>>>>>>>>项目启动成功！
>>>>>>>>>>>>>>>>>>>>>>>>传入参数：null
2020-09-02 18:04:31.571 [http-nio-8080-exec-1] INFO  o.a.c.core.ContainerBase.[Tomcat].[localhost].[/] - Initializing Spring DispatcherServlet 'dispatcherServlet'
2020-09-02 18:04:31.571 [http-nio-8080-exec-1] INFO  org.springframework.web.servlet.DispatcherServlet - Initializing Servlet 'dispatcherServlet'
2020-09-02 18:04:31.575 [http-nio-8080-exec-1] INFO  org.springframework.web.servlet.DispatcherServlet - Completed initialization in 3 ms
2020-09-02 18:12:26.161 [main] INFO  com.ostrovsky.api.ApiApplication - Starting ApiApplication on Ostrovsky-MBP.local with PID 19439 (/Users/ostrovsky/Workspace/workspace-docker/demo/boot-api/target/classes started by ostrovsky in /Users/ostrovsky/Workspace/workspace-docker/demo)
2020-09-02 18:12:26.164 [main] INFO  com.ostrovsky.api.ApiApplication - The following profiles are active: test
2020-09-02 18:12:26.858 [main] INFO  o.s.boot.web.embedded.tomcat.TomcatWebServer - Tomcat initialized with port(s): 8080 (http)
2020-09-02 18:12:26.866 [main] INFO  org.apache.coyote.http11.Http11NioProtocol - Initializing ProtocolHandler ["http-nio-8080"]
2020-09-02 18:12:26.867 [main] INFO  org.apache.catalina.core.StandardService - Starting service [Tomcat]
2020-09-02 18:12:26.868 [main] INFO  org.apache.catalina.core.StandardEngine - Starting Servlet engine: [Apache Tomcat/9.0.37]
2020-09-02 18:12:26.928 [main] INFO  o.a.c.core.ContainerBase.[Tomcat].[localhost].[/] - Initializing Spring embedded WebApplicationContext
2020-09-02 18:12:26.929 [main] INFO  o.s.b.w.s.c.ServletWebServerApplicationContext - Root WebApplicationContext: initialization completed in 722 ms
2020-09-02 18:12:27.128 [main] INFO  o.s.scheduling.concurrent.ThreadPoolTaskExecutor - Initializing ExecutorService 'applicationTaskExecutor'
2020-09-02 18:12:27.227 [main] INFO  org.apache.coyote.http11.Http11NioProtocol - Starting ProtocolHandler ["http-nio-8080"]
2020-09-02 18:12:27.252 [main] INFO  o.s.boot.web.embedded.tomcat.TomcatWebServer - Tomcat started on port(s): 8080 (http) with context path ''
2020-09-02 18:12:27.260 [main] INFO  com.ostrovsky.api.ApiApplication - Started ApiApplication in 1.573 seconds (JVM running for 2.06)
2020-09-02 18:12:27.263 [main] INFO  com.ostrovsky.api.ApiApplication - >>>>>>>>>>>>>>>>>>>>>>>>项目启动成功！
>>>>>>>>>>>>>>>>>>>>>>>>传入参数：null
2020-09-02 18:12:40.942 [http-nio-8080-exec-1] INFO  o.a.c.core.ContainerBase.[Tomcat].[localhost].[/] - Initializing Spring DispatcherServlet 'dispatcherServlet'
2020-09-02 18:12:40.943 [http-nio-8080-exec-1] INFO  org.springframework.web.servlet.DispatcherServlet - Initializing Servlet 'dispatcherServlet'
2020-09-02 18:12:40.946 [http-nio-8080-exec-1] INFO  org.springframework.web.servlet.DispatcherServlet - Completed initialization in 3 ms
2020-09-02 18:20:17.766 [main] INFO  com.ostrovsky.api.ApiApplication - Starting ApiApplication on Ostrovsky-MBP.local with PID 19525 (/Users/ostrovsky/Workspace/workspace-docker/demo/boot-api/target/classes started by ostrovsky in /Users/ostrovsky/Workspace/workspace-docker/demo)
2020-09-02 18:20:17.769 [main] INFO  com.ostrovsky.api.ApiApplication - The following profiles are active: test
2020-09-02 18:20:18.373 [main] INFO  o.s.boot.web.embedded.tomcat.TomcatWebServer - Tomcat initialized with port(s): 8080 (http)
2020-09-02 18:20:18.380 [main] INFO  org.apache.coyote.http11.Http11NioProtocol - Initializing ProtocolHandler ["http-nio-8080"]
2020-09-02 18:20:18.381 [main] INFO  org.apache.catalina.core.StandardService - Starting service [Tomcat]
2020-09-02 18:20:18.381 [main] INFO  org.apache.catalina.core.StandardEngine - Starting Servlet engine: [Apache Tomcat/9.0.37]
2020-09-02 18:20:18.433 [main] INFO  o.a.c.core.ContainerBase.[Tomcat].[localhost].[/] - Initializing Spring embedded WebApplicationContext
2020-09-02 18:20:18.433 [main] INFO  o.s.b.w.s.c.ServletWebServerApplicationContext - Root WebApplicationContext: initialization completed in 610 ms
2020-09-02 18:20:18.586 [main] INFO  o.s.scheduling.concurrent.ThreadPoolTaskExecutor - Initializing ExecutorService 'applicationTaskExecutor'
2020-09-02 18:20:18.692 [main] INFO  org.apache.coyote.http11.Http11NioProtocol - Starting ProtocolHandler ["http-nio-8080"]
2020-09-02 18:20:18.715 [main] INFO  o.s.boot.web.embedded.tomcat.TomcatWebServer - Tomcat started on port(s): 8080 (http) with context path ''
2020-09-02 18:20:18.723 [main] INFO  com.ostrovsky.api.ApiApplication - Started ApiApplication in 1.479 seconds (JVM running for 1.986)
2020-09-02 18:20:18.726 [main] INFO  com.ostrovsky.api.ApiApplication - >>>>>>>>>>>>>>>>>>>>>>>>项目启动成功！
>>>>>>>>>>>>>>>>>>>>>>>>传入参数：null
2020-09-02 18:20:24.402 [http-nio-8080-exec-1] INFO  o.a.c.core.ContainerBase.[Tomcat].[localhost].[/] - Initializing Spring DispatcherServlet 'dispatcherServlet'
2020-09-02 18:20:24.403 [http-nio-8080-exec-1] INFO  org.springframework.web.servlet.DispatcherServlet - Initializing Servlet 'dispatcherServlet'
2020-09-02 18:20:24.407 [http-nio-8080-exec-1] INFO  org.springframework.web.servlet.DispatcherServlet - Completed initialization in 4 ms
